2020-02-12 10:01:20,003 INFO com.borntocode.main.ApplicationMain [main] Starting ApplicationMain on DESKTOP-B38U4H2 with PID 17052 (started by BornToCode in C:\Code\Project\Spring Boot\Employee Recruitment\RecruitmentApplication)
2020-02-12 10:01:20,022 INFO com.borntocode.main.ApplicationMain [main] No active profile set, falling back to default profiles: default
2020-02-12 10:01:23,164 INFO org.apache.catalina.core.StandardService [main] Starting service [Tomcat]
2020-02-12 10:01:23,166 INFO org.apache.catalina.core.StandardEngine [main] Starting Servlet engine: [Apache Tomcat/9.0.30]
2020-02-12 10:01:23,496 INFO org.apache.catalina.core.ContainerBase.[Tomcat].[localhost].[/] [main] Initializing Spring embedded WebApplicationContext
2020-02-12 10:01:23,630 INFO com.borntocode.dao.interfaces.AddressDAOInterface [main] Object Created !!
2020-02-12 10:01:23,794 INFO com.borntocode.dao.interfaces.EmployeeRoleDAOInterface [main] Object Created !!
2020-02-12 10:01:23,825 INFO com.borntocode.service.EmployeeRoleService [main] Object Creaated !!
2020-02-12 10:01:23,831 INFO com.borntocode.pojo.EmployeeRole [main] Default Construcotr Called !!
2020-02-12 10:01:24,790 INFO com.borntocode.main.ApplicationMain [main] Started ApplicationMain in 5.537 seconds (JVM running for 6.304)
2020-02-12 10:01:28,982 INFO org.apache.catalina.core.ContainerBase.[Tomcat].[localhost].[/] [http-nio-8080-exec-1] Initializing Spring DispatcherServlet 'dispatcherServlet'
2020-02-12 10:01:29,050 INFO com.borntocode.controller.EmployeeController [http-nio-8080-exec-1] getAllEmployees
2020-02-12 10:01:29,143 INFO com.borntocode.dao.interfaces.EmployeeRoleDAOInterface [http-nio-8080-exec-1] DAO :: getAllEmployees
2020-02-12 10:01:29,157 INFO com.zaxxer.hikari.HikariDataSource [http-nio-8080-exec-1] HikariPool-1 - Starting...
2020-02-12 10:01:29,629 INFO com.zaxxer.hikari.HikariDataSource [http-nio-8080-exec-1] HikariPool-1 - Start completed.
2020-02-12 10:01:29,723 INFO com.borntocode.dao.interfaces.AddressDAOInterface [http-nio-8080-exec-1] DAO :: getAddressByRoleId
2020-02-12 10:01:29,765 INFO com.borntocode.dao.interfaces.AddressDAOInterface [http-nio-8080-exec-1] Values From DB
2020-02-12 10:01:29,766 INFO com.borntocode.dao.interfaces.AddressDAOInterface [http-nio-8080-exec-1] Address [addressId=3, addressLineOne=Jerbai Wadia Road, addressLineTwo=Opposite Indian Cancer Society, city=Mumbai, state=Maharashtra, country=India]
2020-02-12 10:01:29,766 INFO com.borntocode.dao.interfaces.EmployeeRoleDAOInterface [http-nio-8080-exec-1] Address [addressId=3, addressLineOne=Jerbai Wadia Road, addressLineTwo=Opposite Indian Cancer Society, city=Mumbai, state=Maharashtra, country=India]
2020-02-12 10:01:29,779 INFO com.borntocode.dao.interfaces.EmployeeRoleDAOInterface [http-nio-8080-exec-1] DAO :: getProjectDetailsById
2020-02-12 10:01:29,784 INFO com.borntocode.dao.interfaces.EmployeeRoleDAOInterface [http-nio-8080-exec-1] Values From DB
2020-02-12 10:01:29,784 INFO com.borntocode.dao.interfaces.EmployeeRoleDAOInterface [http-nio-8080-exec-1] ProjectDetails [projectId=7, name=Google Pay UPI, totalBudget=100000.0]
2020-02-12 10:01:29,785 INFO com.borntocode.dao.interfaces.EmployeeRoleDAOInterface [http-nio-8080-exec-1] ProjectDetails [projectId=7, name=Google Pay UPI, totalBudget=100000.0]
2020-02-12 10:01:29,796 INFO com.borntocode.dao.interfaces.EmployeeRoleDAOInterface [http-nio-8080-exec-1] DAO :: getEmployeeRoleByRoleId
2020-02-12 10:01:29,799 INFO com.borntocode.pojo.EmployeeRole [http-nio-8080-exec-1] Default Construcotr Called !!
2020-02-12 10:01:29,801 INFO com.borntocode.dao.interfaces.EmployeeRoleDAOInterface [http-nio-8080-exec-1] Values From DB
2020-02-12 10:01:29,802 INFO com.borntocode.dao.interfaces.EmployeeRoleDAOInterface [http-nio-8080-exec-1] EmployeeRole [roleId=2, designation=HR]
2020-02-12 10:01:29,802 INFO com.borntocode.dao.interfaces.EmployeeRoleDAOInterface [http-nio-8080-exec-1] EmployeeRole [roleId=2, designation=HR]
2020-02-12 10:03:59,670 INFO com.borntocode.main.ApplicationMain [main] Starting ApplicationMain on DESKTOP-B38U4H2 with PID 14896 (started by BornToCode in C:\Code\Project\Spring Boot\Employee Recruitment\RecruitmentApplication)
2020-02-12 10:03:59,674 INFO com.borntocode.main.ApplicationMain [main] No active profile set, falling back to default profiles: default
2020-02-12 10:04:01,659 INFO org.apache.catalina.core.StandardService [main] Starting service [Tomcat]
2020-02-12 10:04:01,661 INFO org.apache.catalina.core.StandardEngine [main] Starting Servlet engine: [Apache Tomcat/9.0.30]
2020-02-12 10:04:01,858 INFO org.apache.catalina.core.ContainerBase.[Tomcat].[localhost].[/] [main] Initializing Spring embedded WebApplicationContext
2020-02-12 10:04:01,954 INFO com.borntocode.dao.interfaces.AddressDAOInterface [main] Object Created !!
2020-02-12 10:04:02,078 INFO com.borntocode.dao.interfaces.EmployeeRoleDAOInterface [main] Object Created !!
2020-02-12 10:04:02,109 INFO com.borntocode.service.EmployeeRoleService [main] Object Creaated !!
2020-02-12 10:04:02,115 INFO com.borntocode.pojo.EmployeeRole [main] Default Construcotr Called !!
2020-02-12 10:04:03,023 INFO com.borntocode.main.ApplicationMain [main] Started ApplicationMain in 3.937 seconds (JVM running for 4.525)
2020-02-12 10:04:07,764 INFO org.apache.catalina.core.ContainerBase.[Tomcat].[localhost].[/] [http-nio-8080-exec-1] Initializing Spring DispatcherServlet 'dispatcherServlet'
2020-02-12 10:04:07,829 INFO com.borntocode.controller.EmployeeController [http-nio-8080-exec-1] getAllEmployees
2020-02-12 10:04:07,850 INFO com.borntocode.dao.interfaces.EmployeeRoleDAOInterface [http-nio-8080-exec-1] DAO :: getAllEmployees
2020-02-12 10:04:07,865 INFO com.zaxxer.hikari.HikariDataSource [http-nio-8080-exec-1] HikariPool-1 - Starting...
2020-02-12 10:04:08,291 INFO com.zaxxer.hikari.HikariDataSource [http-nio-8080-exec-1] HikariPool-1 - Start completed.
2020-02-12 10:04:08,378 INFO com.borntocode.dao.interfaces.AddressDAOInterface [http-nio-8080-exec-1] DAO :: getAddressByRoleId
2020-02-12 10:04:08,415 INFO com.borntocode.dao.interfaces.AddressDAOInterface [http-nio-8080-exec-1] Values From DB
2020-02-12 10:04:08,415 INFO com.borntocode.dao.interfaces.AddressDAOInterface [http-nio-8080-exec-1] Address [addressId=3, addressLineOne=Jerbai Wadia Road, addressLineTwo=Opposite Indian Cancer Society, city=Mumbai, state=Maharashtra, country=India]
2020-02-12 10:04:08,415 INFO com.borntocode.dao.interfaces.EmployeeRoleDAOInterface [http-nio-8080-exec-1] Address [addressId=3, addressLineOne=Jerbai Wadia Road, addressLineTwo=Opposite Indian Cancer Society, city=Mumbai, state=Maharashtra, country=India]
2020-02-12 10:04:08,427 INFO com.borntocode.dao.interfaces.EmployeeRoleDAOInterface [http-nio-8080-exec-1] DAO :: getProjectDetailsById
2020-02-12 10:04:08,431 INFO com.borntocode.dao.interfaces.EmployeeRoleDAOInterface [http-nio-8080-exec-1] Values From DB
2020-02-12 10:04:08,432 INFO com.borntocode.dao.interfaces.EmployeeRoleDAOInterface [http-nio-8080-exec-1] ProjectDetails [projectId=7, name=Google Pay UPI, totalBudget=100000.0]
2020-02-12 10:04:08,432 INFO com.borntocode.dao.interfaces.EmployeeRoleDAOInterface [http-nio-8080-exec-1] ProjectDetails [projectId=7, name=Google Pay UPI, totalBudget=100000.0]
2020-02-12 10:04:08,443 INFO com.borntocode.dao.interfaces.EmployeeRoleDAOInterface [http-nio-8080-exec-1] DAO :: getEmployeeRoleByRoleId
2020-02-12 10:04:08,445 INFO com.borntocode.pojo.EmployeeRole [http-nio-8080-exec-1] Default Construcotr Called !!
2020-02-12 10:04:08,446 INFO com.borntocode.dao.interfaces.EmployeeRoleDAOInterface [http-nio-8080-exec-1] Values From DB
2020-02-12 10:04:08,447 INFO com.borntocode.dao.interfaces.EmployeeRoleDAOInterface [http-nio-8080-exec-1] EmployeeRole [roleId=2, designation=HR]
2020-02-12 10:04:08,447 INFO com.borntocode.dao.interfaces.EmployeeRoleDAOInterface [http-nio-8080-exec-1] EmployeeRole [roleId=2, designation=HR]
2020-02-12 10:18:30,674 WARN com.zaxxer.hikari.pool.HikariPool [HikariPool-1 housekeeper] HikariPool-1 - Thread starvation or clock leap detected (housekeeper delta=1m22s233ms774µs300ns).
2020-02-12 12:28:45,390 WARN com.zaxxer.hikari.pool.HikariPool [HikariPool-1 housekeeper] HikariPool-1 - Thread starvation or clock leap detected (housekeeper delta=1h54m14s480ms768µs600ns).
2020-02-12 13:35:06,316 INFO com.borntocode.controller.AddressController [http-nio-8080-exec-4] getAllAddresss
2020-02-12 13:35:06,318 INFO com.borntocode.dao.interfaces.AddressDAOInterface [http-nio-8080-exec-4] DAO :: getAllAddresss
2020-02-12 13:35:06,324 INFO com.borntocode.dao.interfaces.AddressDAOInterface [http-nio-8080-exec-4] Address [addressId=3, addressLineOne=Jerbai Wadia Road, addressLineTwo=Opposite Indian Cancer Society, city=Mumbai, state=Maharashtra, country=India]
2020-02-12 13:35:08,302 INFO com.borntocode.controller.ProjectDetailsController [http-nio-8080-exec-5] getAllProjectDetailss
2020-02-12 13:35:08,303 INFO com.borntocode.dao.interfaces.EmployeeRoleDAOInterface [http-nio-8080-exec-5] DAO :: getAllProjectDetails
2020-02-12 13:35:08,307 INFO com.borntocode.dao.interfaces.EmployeeRoleDAOInterface [http-nio-8080-exec-5] ProjectDetails [projectId=7, name=Google Pay UPI, totalBudget=100000.0]
2020-02-12 13:35:09,590 INFO com.borntocode.controller.EmployeeRoleController [http-nio-8080-exec-6] getAllEmployeeRoles
2020-02-12 13:35:09,591 INFO com.borntocode.dao.interfaces.EmployeeRoleDAOInterface [http-nio-8080-exec-6] DAO :: getAllEmployeeRoles
2020-02-12 13:35:09,592 INFO com.borntocode.pojo.EmployeeRole [http-nio-8080-exec-6] Default Construcotr Called !!
2020-02-12 13:35:09,592 INFO com.borntocode.dao.interfaces.EmployeeRoleDAOInterface [http-nio-8080-exec-6] EmployeeRole [roleId=2, designation=HR]
2020-02-12 13:35:10,878 INFO com.borntocode.controller.AddressController [http-nio-8080-exec-7] getAllAddresss
2020-02-12 13:35:10,878 INFO com.borntocode.dao.interfaces.AddressDAOInterface [http-nio-8080-exec-7] DAO :: getAllAddresss
2020-02-12 13:35:10,881 INFO com.borntocode.dao.interfaces.AddressDAOInterface [http-nio-8080-exec-7] Address [addressId=3, addressLineOne=Jerbai Wadia Road, addressLineTwo=Opposite Indian Cancer Society, city=Mumbai, state=Maharashtra, country=India]
2020-02-12 13:39:57,202 INFO com.borntocode.controller.EmployeeController [http-nio-8080-exec-9] getAllEmployees
2020-02-12 13:39:57,203 INFO com.borntocode.dao.interfaces.EmployeeRoleDAOInterface [http-nio-8080-exec-9] DAO :: getAllEmployees
2020-02-12 13:39:57,206 INFO com.borntocode.dao.interfaces.AddressDAOInterface [http-nio-8080-exec-9] DAO :: getAddressByRoleId
2020-02-12 13:39:57,208 INFO com.borntocode.dao.interfaces.AddressDAOInterface [http-nio-8080-exec-9] Values From DB
2020-02-12 13:39:57,208 INFO com.borntocode.dao.interfaces.AddressDAOInterface [http-nio-8080-exec-9] Address [addressId=3, addressLineOne=Jerbai Wadia Road, addressLineTwo=Opposite Indian Cancer Society, city=Mumbai, state=Maharashtra, country=India]
2020-02-12 13:39:57,208 INFO com.borntocode.dao.interfaces.EmployeeRoleDAOInterface [http-nio-8080-exec-9] Address [addressId=3, addressLineOne=Jerbai Wadia Road, addressLineTwo=Opposite Indian Cancer Society, city=Mumbai, state=Maharashtra, country=India]
2020-02-12 13:39:57,208 INFO com.borntocode.dao.interfaces.EmployeeRoleDAOInterface [http-nio-8080-exec-9] DAO :: getProjectDetailsById
2020-02-12 13:39:57,209 INFO com.borntocode.dao.interfaces.EmployeeRoleDAOInterface [http-nio-8080-exec-9] Values From DB
2020-02-12 13:39:57,209 INFO com.borntocode.dao.interfaces.EmployeeRoleDAOInterface [http-nio-8080-exec-9] ProjectDetails [projectId=7, name=Google Pay UPI, totalBudget=100000.0]
2020-02-12 13:39:57,209 INFO com.borntocode.dao.interfaces.EmployeeRoleDAOInterface [http-nio-8080-exec-9] ProjectDetails [projectId=7, name=Google Pay UPI, totalBudget=100000.0]
2020-02-12 13:39:57,209 INFO com.borntocode.dao.interfaces.EmployeeRoleDAOInterface [http-nio-8080-exec-9] DAO :: getEmployeeRoleByRoleId
2020-02-12 13:39:57,210 INFO com.borntocode.pojo.EmployeeRole [http-nio-8080-exec-9] Default Construcotr Called !!
2020-02-12 13:39:57,210 INFO com.borntocode.dao.interfaces.EmployeeRoleDAOInterface [http-nio-8080-exec-9] Values From DB
2020-02-12 13:39:57,210 INFO com.borntocode.dao.interfaces.EmployeeRoleDAOInterface [http-nio-8080-exec-9] EmployeeRole [roleId=2, designation=HR]
2020-02-12 13:39:57,210 INFO com.borntocode.dao.interfaces.EmployeeRoleDAOInterface [http-nio-8080-exec-9] EmployeeRole [roleId=2, designation=HR]
2020-02-12 13:41:01,243 INFO com.borntocode.controller.EmployeeController [http-nio-8080-exec-2] getAllEmployees
2020-02-12 13:41:01,244 INFO com.borntocode.dao.interfaces.EmployeeRoleDAOInterface [http-nio-8080-exec-2] DAO :: getAllEmployees
2020-02-12 13:41:01,247 INFO com.borntocode.dao.interfaces.AddressDAOInterface [http-nio-8080-exec-2] DAO :: getAddressByRoleId
2020-02-12 13:41:01,252 INFO com.borntocode.dao.interfaces.AddressDAOInterface [http-nio-8080-exec-2] Values From DB
2020-02-12 13:41:01,253 INFO com.borntocode.dao.interfaces.AddressDAOInterface [http-nio-8080-exec-2] Address [addressId=3, addressLineOne=Jerbai Wadia Road, addressLineTwo=Opposite Indian Cancer Society, city=Mumbai, state=Maharashtra, country=India]
2020-02-12 13:41:01,253 INFO com.borntocode.dao.interfaces.EmployeeRoleDAOInterface [http-nio-8080-exec-2] Address [addressId=3, addressLineOne=Jerbai Wadia Road, addressLineTwo=Opposite Indian Cancer Society, city=Mumbai, state=Maharashtra, country=India]
2020-02-12 13:41:01,253 INFO com.borntocode.dao.interfaces.EmployeeRoleDAOInterface [http-nio-8080-exec-2] DAO :: getProjectDetailsById
2020-02-12 13:41:01,255 INFO com.borntocode.dao.interfaces.EmployeeRoleDAOInterface [http-nio-8080-exec-2] Values From DB
2020-02-12 13:41:01,256 INFO com.borntocode.dao.interfaces.EmployeeRoleDAOInterface [http-nio-8080-exec-2] ProjectDetails [projectId=7, name=Google Pay UPI, totalBudget=100000.0]
2020-02-12 13:41:01,256 INFO com.borntocode.dao.interfaces.EmployeeRoleDAOInterface [http-nio-8080-exec-2] ProjectDetails [projectId=7, name=Google Pay UPI, totalBudget=100000.0]
2020-02-12 13:41:01,256 INFO com.borntocode.dao.interfaces.EmployeeRoleDAOInterface [http-nio-8080-exec-2] DAO :: getEmployeeRoleByRoleId
2020-02-12 13:41:01,258 INFO com.borntocode.pojo.EmployeeRole [http-nio-8080-exec-2] Default Construcotr Called !!
2020-02-12 13:41:01,258 INFO com.borntocode.dao.interfaces.EmployeeRoleDAOInterface [http-nio-8080-exec-2] Values From DB
2020-02-12 13:41:01,258 INFO com.borntocode.dao.interfaces.EmployeeRoleDAOInterface [http-nio-8080-exec-2] EmployeeRole [roleId=2, designation=HR]
2020-02-12 13:41:01,258 INFO com.borntocode.dao.interfaces.EmployeeRoleDAOInterface [http-nio-8080-exec-2] EmployeeRole [roleId=2, designation=HR]
2020-02-12 13:41:33,000 INFO com.borntocode.controller.EmployeeController [http-nio-8080-exec-1] getAllEmployees
2020-02-12 13:41:33,001 INFO com.borntocode.dao.interfaces.EmployeeRoleDAOInterface [http-nio-8080-exec-1] DAO :: getAllEmployees
2020-02-12 13:41:33,003 INFO com.borntocode.dao.interfaces.AddressDAOInterface [http-nio-8080-exec-1] DAO :: getAddressByRoleId
2020-02-12 13:41:33,005 INFO com.borntocode.dao.interfaces.AddressDAOInterface [http-nio-8080-exec-1] Values From DB
2020-02-12 13:41:33,006 INFO com.borntocode.dao.interfaces.AddressDAOInterface [http-nio-8080-exec-1] Address [addressId=3, addressLineOne=Jerbai Wadia Road, addressLineTwo=Opposite Indian Cancer Society, city=Mumbai, state=Maharashtra, country=India]
2020-02-12 13:41:33,006 INFO com.borntocode.dao.interfaces.EmployeeRoleDAOInterface [http-nio-8080-exec-1] Address [addressId=3, addressLineOne=Jerbai Wadia Road, addressLineTwo=Opposite Indian Cancer Society, city=Mumbai, state=Maharashtra, country=India]
2020-02-12 13:41:33,006 INFO com.borntocode.dao.interfaces.EmployeeRoleDAOInterface [http-nio-8080-exec-1] DAO :: getProjectDetailsById
2020-02-12 13:41:33,008 INFO com.borntocode.dao.interfaces.EmployeeRoleDAOInterface [http-nio-8080-exec-1] Values From DB
2020-02-12 13:41:33,009 INFO com.borntocode.dao.interfaces.EmployeeRoleDAOInterface [http-nio-8080-exec-1] ProjectDetails [projectId=7, name=Google Pay UPI, totalBudget=100000.0]
2020-02-12 13:41:33,009 INFO com.borntocode.dao.interfaces.EmployeeRoleDAOInterface [http-nio-8080-exec-1] ProjectDetails [projectId=7, name=Google Pay UPI, totalBudget=100000.0]
2020-02-12 13:41:33,009 INFO com.borntocode.dao.interfaces.EmployeeRoleDAOInterface [http-nio-8080-exec-1] DAO :: getEmployeeRoleByRoleId
2020-02-12 13:41:33,011 INFO com.borntocode.pojo.EmployeeRole [http-nio-8080-exec-1] Default Construcotr Called !!
2020-02-12 13:41:33,012 INFO com.borntocode.dao.interfaces.EmployeeRoleDAOInterface [http-nio-8080-exec-1] Values From DB
2020-02-12 13:41:33,013 INFO com.borntocode.dao.interfaces.EmployeeRoleDAOInterface [http-nio-8080-exec-1] EmployeeRole [roleId=2, designation=HR]
2020-02-12 13:41:33,013 INFO com.borntocode.dao.interfaces.EmployeeRoleDAOInterface [http-nio-8080-exec-1] EmployeeRole [roleId=2, designation=HR]
2020-02-12 13:41:46,670 INFO com.borntocode.controller.EmployeeController [http-nio-8080-exec-3] getAllEmployees
2020-02-12 13:41:46,670 INFO com.borntocode.dao.interfaces.EmployeeRoleDAOInterface [http-nio-8080-exec-3] DAO :: getAllEmployees
2020-02-12 13:41:46,671 INFO com.borntocode.dao.interfaces.AddressDAOInterface [http-nio-8080-exec-3] DAO :: getAddressByRoleId
2020-02-12 13:41:46,672 INFO com.borntocode.dao.interfaces.AddressDAOInterface [http-nio-8080-exec-3] Values From DB
2020-02-12 13:41:46,673 INFO com.borntocode.dao.interfaces.AddressDAOInterface [http-nio-8080-exec-3] Address [addressId=3, addressLineOne=Jerbai Wadia Road, addressLineTwo=Opposite Indian Cancer Society, city=Mumbai, state=Maharashtra, country=India]
2020-02-12 13:41:46,673 INFO com.borntocode.dao.interfaces.EmployeeRoleDAOInterface [http-nio-8080-exec-3] Address [addressId=3, addressLineOne=Jerbai Wadia Road, addressLineTwo=Opposite Indian Cancer Society, city=Mumbai, state=Maharashtra, country=India]
2020-02-12 13:41:46,673 INFO com.borntocode.dao.interfaces.EmployeeRoleDAOInterface [http-nio-8080-exec-3] DAO :: getProjectDetailsById
2020-02-12 13:41:46,674 INFO com.borntocode.dao.interfaces.EmployeeRoleDAOInterface [http-nio-8080-exec-3] Values From DB
2020-02-12 13:41:46,674 INFO com.borntocode.dao.interfaces.EmployeeRoleDAOInterface [http-nio-8080-exec-3] ProjectDetails [projectId=7, name=Google Pay UPI, totalBudget=100000.0]
2020-02-12 13:41:46,674 INFO com.borntocode.dao.interfaces.EmployeeRoleDAOInterface [http-nio-8080-exec-3] ProjectDetails [projectId=7, name=Google Pay UPI, totalBudget=100000.0]
2020-02-12 13:41:46,674 INFO com.borntocode.dao.interfaces.EmployeeRoleDAOInterface [http-nio-8080-exec-3] DAO :: getEmployeeRoleByRoleId
2020-02-12 13:41:46,675 INFO com.borntocode.pojo.EmployeeRole [http-nio-8080-exec-3] Default Construcotr Called !!
2020-02-12 13:41:46,675 INFO com.borntocode.dao.interfaces.EmployeeRoleDAOInterface [http-nio-8080-exec-3] Values From DB
2020-02-12 13:41:46,675 INFO com.borntocode.dao.interfaces.EmployeeRoleDAOInterface [http-nio-8080-exec-3] EmployeeRole [roleId=2, designation=HR]
2020-02-12 13:41:46,675 INFO com.borntocode.dao.interfaces.EmployeeRoleDAOInterface [http-nio-8080-exec-3] EmployeeRole [roleId=2, designation=HR]
2020-02-12 13:42:07,275 INFO com.borntocode.controller.EmployeeController [http-nio-8080-exec-4] getAllEmployees
2020-02-12 13:42:07,276 INFO com.borntocode.dao.interfaces.EmployeeRoleDAOInterface [http-nio-8080-exec-4] DAO :: getAllEmployees
2020-02-12 13:42:07,279 INFO com.borntocode.dao.interfaces.AddressDAOInterface [http-nio-8080-exec-4] DAO :: getAddressByRoleId
2020-02-12 13:42:07,281 INFO com.borntocode.dao.interfaces.AddressDAOInterface [http-nio-8080-exec-4] Values From DB
2020-02-12 13:42:07,281 INFO com.borntocode.dao.interfaces.AddressDAOInterface [http-nio-8080-exec-4] Address [addressId=3, addressLineOne=Jerbai Wadia Road, addressLineTwo=Opposite Indian Cancer Society, city=Mumbai, state=Maharashtra, country=India]
2020-02-12 13:42:07,282 INFO com.borntocode.dao.interfaces.EmployeeRoleDAOInterface [http-nio-8080-exec-4] Address [addressId=3, addressLineOne=Jerbai Wadia Road, addressLineTwo=Opposite Indian Cancer Society, city=Mumbai, state=Maharashtra, country=India]
2020-02-12 13:42:07,282 INFO com.borntocode.dao.interfaces.EmployeeRoleDAOInterface [http-nio-8080-exec-4] DAO :: getProjectDetailsById
2020-02-12 13:42:07,283 INFO com.borntocode.dao.interfaces.EmployeeRoleDAOInterface [http-nio-8080-exec-4] Values From DB
2020-02-12 13:42:07,284 INFO com.borntocode.dao.interfaces.EmployeeRoleDAOInterface [http-nio-8080-exec-4] ProjectDetails [projectId=7, name=Google Pay UPI, totalBudget=100000.0]
2020-02-12 13:42:07,284 INFO com.borntocode.dao.interfaces.EmployeeRoleDAOInterface [http-nio-8080-exec-4] ProjectDetails [projectId=7, name=Google Pay UPI, totalBudget=100000.0]
2020-02-12 13:42:07,284 INFO com.borntocode.dao.interfaces.EmployeeRoleDAOInterface [http-nio-8080-exec-4] DAO :: getEmployeeRoleByRoleId
2020-02-12 13:42:07,286 INFO com.borntocode.pojo.EmployeeRole [http-nio-8080-exec-4] Default Construcotr Called !!
2020-02-12 13:42:07,286 INFO com.borntocode.dao.interfaces.EmployeeRoleDAOInterface [http-nio-8080-exec-4] Values From DB
2020-02-12 13:42:07,286 INFO com.borntocode.dao.interfaces.EmployeeRoleDAOInterface [http-nio-8080-exec-4] EmployeeRole [roleId=2, designation=HR]
2020-02-12 13:42:07,287 INFO com.borntocode.dao.interfaces.EmployeeRoleDAOInterface [http-nio-8080-exec-4] EmployeeRole [roleId=2, designation=HR]
2020-02-12 13:43:16,218 INFO com.borntocode.controller.EmployeeController [http-nio-8080-exec-6] getAllEmployees
2020-02-12 13:43:16,219 INFO com.borntocode.dao.interfaces.EmployeeRoleDAOInterface [http-nio-8080-exec-6] DAO :: getAllEmployees
2020-02-12 13:43:16,221 INFO com.borntocode.dao.interfaces.AddressDAOInterface [http-nio-8080-exec-6] DAO :: getAddressByRoleId
2020-02-12 13:43:16,222 INFO com.borntocode.dao.interfaces.AddressDAOInterface [http-nio-8080-exec-6] Values From DB
2020-02-12 13:43:16,222 INFO com.borntocode.dao.interfaces.AddressDAOInterface [http-nio-8080-exec-6] Address [addressId=3, addressLineOne=Jerbai Wadia Road, addressLineTwo=Opposite Indian Cancer Society, city=Mumbai, state=Maharashtra, country=India]
2020-02-12 13:43:16,222 INFO com.borntocode.dao.interfaces.EmployeeRoleDAOInterface [http-nio-8080-exec-6] Address [addressId=3, addressLineOne=Jerbai Wadia Road, addressLineTwo=Opposite Indian Cancer Society, city=Mumbai, state=Maharashtra, country=India]
2020-02-12 13:43:16,223 INFO com.borntocode.dao.interfaces.EmployeeRoleDAOInterface [http-nio-8080-exec-6] DAO :: getProjectDetailsById
2020-02-12 13:43:16,224 INFO com.borntocode.dao.interfaces.EmployeeRoleDAOInterface [http-nio-8080-exec-6] Values From DB
2020-02-12 13:43:16,224 INFO com.borntocode.dao.interfaces.EmployeeRoleDAOInterface [http-nio-8080-exec-6] ProjectDetails [projectId=7, name=Google Pay UPI, totalBudget=100000.0]
2020-02-12 13:43:16,224 INFO com.borntocode.dao.interfaces.EmployeeRoleDAOInterface [http-nio-8080-exec-6] ProjectDetails [projectId=7, name=Google Pay UPI, totalBudget=100000.0]
2020-02-12 13:43:16,225 INFO com.borntocode.dao.interfaces.EmployeeRoleDAOInterface [http-nio-8080-exec-6] DAO :: getEmployeeRoleByRoleId
2020-02-12 13:43:16,226 INFO com.borntocode.pojo.EmployeeRole [http-nio-8080-exec-6] Default Construcotr Called !!
2020-02-12 13:43:16,226 INFO com.borntocode.dao.interfaces.EmployeeRoleDAOInterface [http-nio-8080-exec-6] Values From DB
2020-02-12 13:43:16,226 INFO com.borntocode.dao.interfaces.EmployeeRoleDAOInterface [http-nio-8080-exec-6] EmployeeRole [roleId=2, designation=HR]
2020-02-12 13:43:16,226 INFO com.borntocode.dao.interfaces.EmployeeRoleDAOInterface [http-nio-8080-exec-6] EmployeeRole [roleId=2, designation=HR]
2020-02-12 13:43:21,143 INFO com.borntocode.controller.EmployeeController [http-nio-8080-exec-7] getAllEmployees
2020-02-12 13:43:21,143 INFO com.borntocode.dao.interfaces.EmployeeRoleDAOInterface [http-nio-8080-exec-7] DAO :: getAllEmployees
2020-02-12 13:43:21,144 INFO com.borntocode.dao.interfaces.AddressDAOInterface [http-nio-8080-exec-7] DAO :: getAddressByRoleId
2020-02-12 13:43:21,146 INFO com.borntocode.dao.interfaces.AddressDAOInterface [http-nio-8080-exec-7] Values From DB
2020-02-12 13:43:21,146 INFO com.borntocode.dao.interfaces.AddressDAOInterface [http-nio-8080-exec-7] Address [addressId=3, addressLineOne=Jerbai Wadia Road, addressLineTwo=Opposite Indian Cancer Society, city=Mumbai, state=Maharashtra, country=India]
2020-02-12 13:43:21,146 INFO com.borntocode.dao.interfaces.EmployeeRoleDAOInterface [http-nio-8080-exec-7] Address [addressId=3, addressLineOne=Jerbai Wadia Road, addressLineTwo=Opposite Indian Cancer Society, city=Mumbai, state=Maharashtra, country=India]
2020-02-12 13:43:21,146 INFO com.borntocode.dao.interfaces.EmployeeRoleDAOInterface [http-nio-8080-exec-7] DAO :: getProjectDetailsById
2020-02-12 13:43:21,148 INFO com.borntocode.dao.interfaces.EmployeeRoleDAOInterface [http-nio-8080-exec-7] Values From DB
2020-02-12 13:43:21,148 INFO com.borntocode.dao.interfaces.EmployeeRoleDAOInterface [http-nio-8080-exec-7] ProjectDetails [projectId=7, name=Google Pay UPI, totalBudget=100000.0]
2020-02-12 13:43:21,149 INFO com.borntocode.dao.interfaces.EmployeeRoleDAOInterface [http-nio-8080-exec-7] ProjectDetails [projectId=7, name=Google Pay UPI, totalBudget=100000.0]
2020-02-12 13:43:21,149 INFO com.borntocode.dao.interfaces.EmployeeRoleDAOInterface [http-nio-8080-exec-7] DAO :: getEmployeeRoleByRoleId
2020-02-12 13:43:21,151 INFO com.borntocode.pojo.EmployeeRole [http-nio-8080-exec-7] Default Construcotr Called !!
2020-02-12 13:43:21,151 INFO com.borntocode.dao.interfaces.EmployeeRoleDAOInterface [http-nio-8080-exec-7] Values From DB
2020-02-12 13:43:21,151 INFO com.borntocode.dao.interfaces.EmployeeRoleDAOInterface [http-nio-8080-exec-7] EmployeeRole [roleId=2, designation=HR]
2020-02-12 13:43:21,151 INFO com.borntocode.dao.interfaces.EmployeeRoleDAOInterface [http-nio-8080-exec-7] EmployeeRole [roleId=2, designation=HR]
2020-02-12 13:43:25,261 INFO com.borntocode.controller.EmployeeController [http-nio-8080-exec-8] getAllEmployees
2020-02-12 13:43:25,262 INFO com.borntocode.dao.interfaces.EmployeeRoleDAOInterface [http-nio-8080-exec-8] DAO :: getAllEmployees
2020-02-12 13:43:25,265 INFO com.borntocode.dao.interfaces.AddressDAOInterface [http-nio-8080-exec-8] DAO :: getAddressByRoleId
2020-02-12 13:43:25,269 INFO com.borntocode.dao.interfaces.AddressDAOInterface [http-nio-8080-exec-8] Values From DB
2020-02-12 13:43:25,270 INFO com.borntocode.dao.interfaces.AddressDAOInterface [http-nio-8080-exec-8] Address [addressId=3, addressLineOne=Jerbai Wadia Road, addressLineTwo=Opposite Indian Cancer Society, city=Mumbai, state=Maharashtra, country=India]
2020-02-12 13:43:25,270 INFO com.borntocode.dao.interfaces.EmployeeRoleDAOInterface [http-nio-8080-exec-8] Address [addressId=3, addressLineOne=Jerbai Wadia Road, addressLineTwo=Opposite Indian Cancer Society, city=Mumbai, state=Maharashtra, country=India]
2020-02-12 13:43:25,270 INFO com.borntocode.dao.interfaces.EmployeeRoleDAOInterface [http-nio-8080-exec-8] DAO :: getProjectDetailsById
2020-02-12 13:43:25,271 INFO com.borntocode.dao.interfaces.EmployeeRoleDAOInterface [http-nio-8080-exec-8] Values From DB
2020-02-12 13:43:25,271 INFO com.borntocode.dao.interfaces.EmployeeRoleDAOInterface [http-nio-8080-exec-8] ProjectDetails [projectId=7, name=Google Pay UPI, totalBudget=100000.0]
2020-02-12 13:43:25,271 INFO com.borntocode.dao.interfaces.EmployeeRoleDAOInterface [http-nio-8080-exec-8] ProjectDetails [projectId=7, name=Google Pay UPI, totalBudget=100000.0]
2020-02-12 13:43:25,271 INFO com.borntocode.dao.interfaces.EmployeeRoleDAOInterface [http-nio-8080-exec-8] DAO :: getEmployeeRoleByRoleId
2020-02-12 13:43:25,272 INFO com.borntocode.pojo.EmployeeRole [http-nio-8080-exec-8] Default Construcotr Called !!
2020-02-12 13:43:25,273 INFO com.borntocode.dao.interfaces.EmployeeRoleDAOInterface [http-nio-8080-exec-8] Values From DB
2020-02-12 13:43:25,273 INFO com.borntocode.dao.interfaces.EmployeeRoleDAOInterface [http-nio-8080-exec-8] EmployeeRole [roleId=2, designation=HR]
2020-02-12 13:43:25,273 INFO com.borntocode.dao.interfaces.EmployeeRoleDAOInterface [http-nio-8080-exec-8] EmployeeRole [roleId=2, designation=HR]
2020-02-12 13:47:32,686 INFO com.borntocode.controller.EmployeeController [http-nio-8080-exec-10] getAllEmployees
2020-02-12 13:47:32,687 INFO com.borntocode.dao.interfaces.EmployeeRoleDAOInterface [http-nio-8080-exec-10] DAO :: getAllEmployees
2020-02-12 13:47:32,688 INFO com.borntocode.dao.interfaces.AddressDAOInterface [http-nio-8080-exec-10] DAO :: getAddressByRoleId
2020-02-12 13:47:32,689 INFO com.borntocode.dao.interfaces.AddressDAOInterface [http-nio-8080-exec-10] Values From DB
2020-02-12 13:47:32,690 INFO com.borntocode.dao.interfaces.AddressDAOInterface [http-nio-8080-exec-10] Address [addressId=3, addressLineOne=Jerbai Wadia Road, addressLineTwo=Opposite Indian Cancer Society, city=Mumbai, state=Maharashtra, country=India]
2020-02-12 13:47:32,690 INFO com.borntocode.dao.interfaces.EmployeeRoleDAOInterface [http-nio-8080-exec-10] Address [addressId=3, addressLineOne=Jerbai Wadia Road, addressLineTwo=Opposite Indian Cancer Society, city=Mumbai, state=Maharashtra, country=India]
2020-02-12 13:47:32,690 INFO com.borntocode.dao.interfaces.EmployeeRoleDAOInterface [http-nio-8080-exec-10] DAO :: getProjectDetailsById
2020-02-12 13:47:32,691 INFO com.borntocode.dao.interfaces.EmployeeRoleDAOInterface [http-nio-8080-exec-10] Values From DB
2020-02-12 13:47:32,691 INFO com.borntocode.dao.interfaces.EmployeeRoleDAOInterface [http-nio-8080-exec-10] ProjectDetails [projectId=7, name=Google Pay UPI, totalBudget=100000.0]
2020-02-12 13:47:32,691 INFO com.borntocode.dao.interfaces.EmployeeRoleDAOInterface [http-nio-8080-exec-10] ProjectDetails [projectId=7, name=Google Pay UPI, totalBudget=100000.0]
2020-02-12 13:47:32,691 INFO com.borntocode.dao.interfaces.EmployeeRoleDAOInterface [http-nio-8080-exec-10] DAO :: getEmployeeRoleByRoleId
2020-02-12 13:47:32,692 INFO com.borntocode.pojo.EmployeeRole [http-nio-8080-exec-10] Default Construcotr Called !!
2020-02-12 13:47:32,693 INFO com.borntocode.dao.interfaces.EmployeeRoleDAOInterface [http-nio-8080-exec-10] Values From DB
2020-02-12 13:47:32,693 INFO com.borntocode.dao.interfaces.EmployeeRoleDAOInterface [http-nio-8080-exec-10] EmployeeRole [roleId=2, designation=HR]
2020-02-12 13:47:32,693 INFO com.borntocode.dao.interfaces.EmployeeRoleDAOInterface [http-nio-8080-exec-10] EmployeeRole [roleId=2, designation=HR]
2020-02-12 13:47:37,606 INFO com.borntocode.controller.AddressController [http-nio-8080-exec-2] getAllAddresss
2020-02-12 13:47:37,607 INFO com.borntocode.dao.interfaces.AddressDAOInterface [http-nio-8080-exec-2] DAO :: getAllAddresss
2020-02-12 13:47:37,608 INFO com.borntocode.dao.interfaces.AddressDAOInterface [http-nio-8080-exec-2] Address [addressId=3, addressLineOne=Jerbai Wadia Road, addressLineTwo=Opposite Indian Cancer Society, city=Mumbai, state=Maharashtra, country=India]
2020-02-12 13:47:38,187 INFO com.borntocode.controller.ProjectDetailsController [http-nio-8080-exec-1] getAllProjectDetailss
2020-02-12 13:47:38,188 INFO com.borntocode.dao.interfaces.EmployeeRoleDAOInterface [http-nio-8080-exec-1] DAO :: getAllProjectDetails
2020-02-12 13:47:38,189 INFO com.borntocode.dao.interfaces.EmployeeRoleDAOInterface [http-nio-8080-exec-1] ProjectDetails [projectId=7, name=Google Pay UPI, totalBudget=100000.0]
2020-02-12 13:47:38,788 INFO com.borntocode.controller.EmployeeRoleController [http-nio-8080-exec-3] getAllEmployeeRoles
2020-02-12 13:47:38,788 INFO com.borntocode.dao.interfaces.EmployeeRoleDAOInterface [http-nio-8080-exec-3] DAO :: getAllEmployeeRoles
2020-02-12 13:47:38,789 INFO com.borntocode.pojo.EmployeeRole [http-nio-8080-exec-3] Default Construcotr Called !!
2020-02-12 13:47:38,789 INFO com.borntocode.dao.interfaces.EmployeeRoleDAOInterface [http-nio-8080-exec-3] EmployeeRole [roleId=2, designation=HR]
2020-02-12 13:47:39,253 INFO com.borntocode.controller.ProjectDetailsController [http-nio-8080-exec-4] getAllProjectDetailss
2020-02-12 13:47:39,253 INFO com.borntocode.dao.interfaces.EmployeeRoleDAOInterface [http-nio-8080-exec-4] DAO :: getAllProjectDetails
2020-02-12 13:47:39,254 INFO com.borntocode.dao.interfaces.EmployeeRoleDAOInterface [http-nio-8080-exec-4] ProjectDetails [projectId=7, name=Google Pay UPI, totalBudget=100000.0]
2020-02-12 13:47:39,774 INFO com.borntocode.controller.AddressController [http-nio-8080-exec-5] getAllAddresss
2020-02-12 13:47:39,774 INFO com.borntocode.dao.interfaces.AddressDAOInterface [http-nio-8080-exec-5] DAO :: getAllAddresss
2020-02-12 13:47:39,775 INFO com.borntocode.dao.interfaces.AddressDAOInterface [http-nio-8080-exec-5] Address [addressId=3, addressLineOne=Jerbai Wadia Road, addressLineTwo=Opposite Indian Cancer Society, city=Mumbai, state=Maharashtra, country=India]
2020-02-12 13:47:40,151 INFO com.borntocode.controller.EmployeeController [http-nio-8080-exec-6] getAllEmployees
2020-02-12 13:47:40,151 INFO com.borntocode.dao.interfaces.EmployeeRoleDAOInterface [http-nio-8080-exec-6] DAO :: getAllEmployees
2020-02-12 13:47:40,153 INFO com.borntocode.dao.interfaces.AddressDAOInterface [http-nio-8080-exec-6] DAO :: getAddressByRoleId
2020-02-12 13:47:40,154 INFO com.borntocode.dao.interfaces.AddressDAOInterface [http-nio-8080-exec-6] Values From DB
2020-02-12 13:47:40,154 INFO com.borntocode.dao.interfaces.AddressDAOInterface [http-nio-8080-exec-6] Address [addressId=3, addressLineOne=Jerbai Wadia Road, addressLineTwo=Opposite Indian Cancer Society, city=Mumbai, state=Maharashtra, country=India]
2020-02-12 13:47:40,154 INFO com.borntocode.dao.interfaces.EmployeeRoleDAOInterface [http-nio-8080-exec-6] Address [addressId=3, addressLineOne=Jerbai Wadia Road, addressLineTwo=Opposite Indian Cancer Society, city=Mumbai, state=Maharashtra, country=India]
2020-02-12 13:47:40,154 INFO com.borntocode.dao.interfaces.EmployeeRoleDAOInterface [http-nio-8080-exec-6] DAO :: getProjectDetailsById
2020-02-12 13:47:40,154 INFO com.borntocode.dao.interfaces.EmployeeRoleDAOInterface [http-nio-8080-exec-6] Values From DB
2020-02-12 13:47:40,155 INFO com.borntocode.dao.interfaces.EmployeeRoleDAOInterface [http-nio-8080-exec-6] ProjectDetails [projectId=7, name=Google Pay UPI, totalBudget=100000.0]
2020-02-12 13:47:40,155 INFO com.borntocode.dao.interfaces.EmployeeRoleDAOInterface [http-nio-8080-exec-6] ProjectDetails [projectId=7, name=Google Pay UPI, totalBudget=100000.0]
2020-02-12 13:47:40,155 INFO com.borntocode.dao.interfaces.EmployeeRoleDAOInterface [http-nio-8080-exec-6] DAO :: getEmployeeRoleByRoleId
2020-02-12 13:47:40,155 INFO com.borntocode.pojo.EmployeeRole [http-nio-8080-exec-6] Default Construcotr Called !!
2020-02-12 13:47:40,155 INFO com.borntocode.dao.interfaces.EmployeeRoleDAOInterface [http-nio-8080-exec-6] Values From DB
2020-02-12 13:47:40,155 INFO com.borntocode.dao.interfaces.EmployeeRoleDAOInterface [http-nio-8080-exec-6] EmployeeRole [roleId=2, designation=HR]
2020-02-12 13:47:40,156 INFO com.borntocode.dao.interfaces.EmployeeRoleDAOInterface [http-nio-8080-exec-6] EmployeeRole [roleId=2, designation=HR]
2020-02-12 13:48:15,743 INFO com.borntocode.controller.EmployeeController [http-nio-8080-exec-7] getAllEmployees
2020-02-12 13:48:15,744 INFO com.borntocode.dao.interfaces.EmployeeRoleDAOInterface [http-nio-8080-exec-7] DAO :: getAllEmployees
2020-02-12 13:48:15,746 INFO com.borntocode.dao.interfaces.AddressDAOInterface [http-nio-8080-exec-7] DAO :: getAddressByRoleId
2020-02-12 13:48:15,747 INFO com.borntocode.dao.interfaces.AddressDAOInterface [http-nio-8080-exec-7] Values From DB
2020-02-12 13:48:15,748 INFO com.borntocode.dao.interfaces.AddressDAOInterface [http-nio-8080-exec-7] Address [addressId=3, addressLineOne=Jerbai Wadia Road, addressLineTwo=Opposite Indian Cancer Society, city=Mumbai, state=Maharashtra, country=India]
2020-02-12 13:48:15,748 INFO com.borntocode.dao.interfaces.EmployeeRoleDAOInterface [http-nio-8080-exec-7] Address [addressId=3, addressLineOne=Jerbai Wadia Road, addressLineTwo=Opposite Indian Cancer Society, city=Mumbai, state=Maharashtra, country=India]
2020-02-12 13:48:15,748 INFO com.borntocode.dao.interfaces.EmployeeRoleDAOInterface [http-nio-8080-exec-7] DAO :: getProjectDetailsById
2020-02-12 13:48:15,750 INFO com.borntocode.dao.interfaces.EmployeeRoleDAOInterface [http-nio-8080-exec-7] Values From DB
2020-02-12 13:48:15,750 INFO com.borntocode.dao.interfaces.EmployeeRoleDAOInterface [http-nio-8080-exec-7] ProjectDetails [projectId=7, name=Google Pay UPI, totalBudget=100000.0]
2020-02-12 13:48:15,751 INFO com.borntocode.dao.interfaces.EmployeeRoleDAOInterface [http-nio-8080-exec-7] ProjectDetails [projectId=7, name=Google Pay UPI, totalBudget=100000.0]
2020-02-12 13:48:15,752 INFO com.borntocode.dao.interfaces.EmployeeRoleDAOInterface [http-nio-8080-exec-7] DAO :: getEmployeeRoleByRoleId
2020-02-12 13:48:15,753 INFO com.borntocode.pojo.EmployeeRole [http-nio-8080-exec-7] Default Construcotr Called !!
2020-02-12 13:48:15,753 INFO com.borntocode.dao.interfaces.EmployeeRoleDAOInterface [http-nio-8080-exec-7] Values From DB
2020-02-12 13:48:15,753 INFO com.borntocode.dao.interfaces.EmployeeRoleDAOInterface [http-nio-8080-exec-7] EmployeeRole [roleId=2, designation=HR]
2020-02-12 13:48:15,753 INFO com.borntocode.dao.interfaces.EmployeeRoleDAOInterface [http-nio-8080-exec-7] EmployeeRole [roleId=2, designation=HR]
2020-02-12 13:48:19,437 INFO com.borntocode.controller.AddressController [http-nio-8080-exec-8] getAllAddresss
2020-02-12 13:48:19,437 INFO com.borntocode.dao.interfaces.AddressDAOInterface [http-nio-8080-exec-8] DAO :: getAllAddresss
2020-02-12 13:48:19,438 INFO com.borntocode.dao.interfaces.AddressDAOInterface [http-nio-8080-exec-8] Address [addressId=3, addressLineOne=Jerbai Wadia Road, addressLineTwo=Opposite Indian Cancer Society, city=Mumbai, state=Maharashtra, country=India]
2020-02-12 13:48:20,156 INFO com.borntocode.controller.EmployeeRoleController [http-nio-8080-exec-9] getAllEmployeeRoles
2020-02-12 13:48:20,157 INFO com.borntocode.dao.interfaces.EmployeeRoleDAOInterface [http-nio-8080-exec-9] DAO :: getAllEmployeeRoles
2020-02-12 13:48:20,157 INFO com.borntocode.pojo.EmployeeRole [http-nio-8080-exec-9] Default Construcotr Called !!
2020-02-12 13:48:20,157 INFO com.borntocode.dao.interfaces.EmployeeRoleDAOInterface [http-nio-8080-exec-9] EmployeeRole [roleId=2, designation=HR]
2020-02-12 13:48:28,072 INFO com.borntocode.controller.EmployeeRoleController [http-nio-8080-exec-10] getAllEmployeeRoles
2020-02-12 13:48:28,072 INFO com.borntocode.dao.interfaces.EmployeeRoleDAOInterface [http-nio-8080-exec-10] DAO :: getAllEmployeeRoles
2020-02-12 13:48:28,074 INFO com.borntocode.pojo.EmployeeRole [http-nio-8080-exec-10] Default Construcotr Called !!
2020-02-12 13:48:28,074 INFO com.borntocode.dao.interfaces.EmployeeRoleDAOInterface [http-nio-8080-exec-10] EmployeeRole [roleId=2, designation=HR]
2020-02-12 13:48:29,284 INFO com.borntocode.controller.EmployeeController [http-nio-8080-exec-2] getAllEmployees
2020-02-12 13:48:29,285 INFO com.borntocode.dao.interfaces.EmployeeRoleDAOInterface [http-nio-8080-exec-2] DAO :: getAllEmployees
2020-02-12 13:48:29,286 INFO com.borntocode.dao.interfaces.AddressDAOInterface [http-nio-8080-exec-2] DAO :: getAddressByRoleId
2020-02-12 13:48:29,287 INFO com.borntocode.dao.interfaces.AddressDAOInterface [http-nio-8080-exec-2] Values From DB
2020-02-12 13:48:29,287 INFO com.borntocode.dao.interfaces.AddressDAOInterface [http-nio-8080-exec-2] Address [addressId=3, addressLineOne=Jerbai Wadia Road, addressLineTwo=Opposite Indian Cancer Society, city=Mumbai, state=Maharashtra, country=India]
2020-02-12 13:48:29,287 INFO com.borntocode.dao.interfaces.EmployeeRoleDAOInterface [http-nio-8080-exec-2] Address [addressId=3, addressLineOne=Jerbai Wadia Road, addressLineTwo=Opposite Indian Cancer Society, city=Mumbai, state=Maharashtra, country=India]
2020-02-12 13:48:29,287 INFO com.borntocode.dao.interfaces.EmployeeRoleDAOInterface [http-nio-8080-exec-2] DAO :: getProjectDetailsById
2020-02-12 13:48:29,288 INFO com.borntocode.dao.interfaces.EmployeeRoleDAOInterface [http-nio-8080-exec-2] Values From DB
2020-02-12 13:48:29,288 INFO com.borntocode.dao.interfaces.EmployeeRoleDAOInterface [http-nio-8080-exec-2] ProjectDetails [projectId=7, name=Google Pay UPI, totalBudget=100000.0]
2020-02-12 13:48:29,288 INFO com.borntocode.dao.interfaces.EmployeeRoleDAOInterface [http-nio-8080-exec-2] ProjectDetails [projectId=7, name=Google Pay UPI, totalBudget=100000.0]
2020-02-12 13:48:29,288 INFO com.borntocode.dao.interfaces.EmployeeRoleDAOInterface [http-nio-8080-exec-2] DAO :: getEmployeeRoleByRoleId
2020-02-12 13:48:29,289 INFO com.borntocode.pojo.EmployeeRole [http-nio-8080-exec-2] Default Construcotr Called !!
2020-02-12 13:48:29,289 INFO com.borntocode.dao.interfaces.EmployeeRoleDAOInterface [http-nio-8080-exec-2] Values From DB
2020-02-12 13:48:29,289 INFO com.borntocode.dao.interfaces.EmployeeRoleDAOInterface [http-nio-8080-exec-2] EmployeeRole [roleId=2, designation=HR]
2020-02-12 13:48:29,289 INFO com.borntocode.dao.interfaces.EmployeeRoleDAOInterface [http-nio-8080-exec-2] EmployeeRole [roleId=2, designation=HR]
2020-02-12 13:48:29,768 INFO com.borntocode.controller.AddressController [http-nio-8080-exec-1] getAllAddresss
2020-02-12 13:48:29,769 INFO com.borntocode.dao.interfaces.AddressDAOInterface [http-nio-8080-exec-1] DAO :: getAllAddresss
2020-02-12 13:48:29,769 INFO com.borntocode.dao.interfaces.AddressDAOInterface [http-nio-8080-exec-1] Address [addressId=3, addressLineOne=Jerbai Wadia Road, addressLineTwo=Opposite Indian Cancer Society, city=Mumbai, state=Maharashtra, country=India]
2020-02-12 13:48:30,335 INFO com.borntocode.controller.EmployeeRoleController [http-nio-8080-exec-3] getAllEmployeeRoles
2020-02-12 13:48:30,335 INFO com.borntocode.dao.interfaces.EmployeeRoleDAOInterface [http-nio-8080-exec-3] DAO :: getAllEmployeeRoles
2020-02-12 13:48:30,336 INFO com.borntocode.pojo.EmployeeRole [http-nio-8080-exec-3] Default Construcotr Called !!
2020-02-12 13:48:30,336 INFO com.borntocode.dao.interfaces.EmployeeRoleDAOInterface [http-nio-8080-exec-3] EmployeeRole [roleId=2, designation=HR]
2020-02-12 13:48:30,725 INFO com.borntocode.controller.ProjectDetailsController [http-nio-8080-exec-4] getAllProjectDetailss
2020-02-12 13:48:30,725 INFO com.borntocode.dao.interfaces.EmployeeRoleDAOInterface [http-nio-8080-exec-4] DAO :: getAllProjectDetails
2020-02-12 13:48:30,727 INFO com.borntocode.dao.interfaces.EmployeeRoleDAOInterface [http-nio-8080-exec-4] ProjectDetails [projectId=7, name=Google Pay UPI, totalBudget=100000.0]
2020-02-12 13:48:32,895 INFO com.borntocode.controller.EmployeeController [http-nio-8080-exec-5] getAllEmployees
2020-02-12 13:48:32,895 INFO com.borntocode.dao.interfaces.EmployeeRoleDAOInterface [http-nio-8080-exec-5] DAO :: getAllEmployees
2020-02-12 13:48:32,897 INFO com.borntocode.dao.interfaces.AddressDAOInterface [http-nio-8080-exec-5] DAO :: getAddressByRoleId
2020-02-12 13:48:32,898 INFO com.borntocode.dao.interfaces.AddressDAOInterface [http-nio-8080-exec-5] Values From DB
2020-02-12 13:48:32,898 INFO com.borntocode.dao.interfaces.AddressDAOInterface [http-nio-8080-exec-5] Address [addressId=3, addressLineOne=Jerbai Wadia Road, addressLineTwo=Opposite Indian Cancer Society, city=Mumbai, state=Maharashtra, country=India]
2020-02-12 13:48:32,898 INFO com.borntocode.dao.interfaces.EmployeeRoleDAOInterface [http-nio-8080-exec-5] Address [addressId=3, addressLineOne=Jerbai Wadia Road, addressLineTwo=Opposite Indian Cancer Society, city=Mumbai, state=Maharashtra, country=India]
2020-02-12 13:48:32,898 INFO com.borntocode.dao.interfaces.EmployeeRoleDAOInterface [http-nio-8080-exec-5] DAO :: getProjectDetailsById
2020-02-12 13:48:32,899 INFO com.borntocode.dao.interfaces.EmployeeRoleDAOInterface [http-nio-8080-exec-5] Values From DB
2020-02-12 13:48:32,899 INFO com.borntocode.dao.interfaces.EmployeeRoleDAOInterface [http-nio-8080-exec-5] ProjectDetails [projectId=7, name=Google Pay UPI, totalBudget=100000.0]
2020-02-12 13:48:32,899 INFO com.borntocode.dao.interfaces.EmployeeRoleDAOInterface [http-nio-8080-exec-5] ProjectDetails [projectId=7, name=Google Pay UPI, totalBudget=100000.0]
2020-02-12 13:48:32,899 INFO com.borntocode.dao.interfaces.EmployeeRoleDAOInterface [http-nio-8080-exec-5] DAO :: getEmployeeRoleByRoleId
2020-02-12 13:48:32,900 INFO com.borntocode.pojo.EmployeeRole [http-nio-8080-exec-5] Default Construcotr Called !!
2020-02-12 13:48:32,900 INFO com.borntocode.dao.interfaces.EmployeeRoleDAOInterface [http-nio-8080-exec-5] Values From DB
2020-02-12 13:48:32,900 INFO com.borntocode.dao.interfaces.EmployeeRoleDAOInterface [http-nio-8080-exec-5] EmployeeRole [roleId=2, designation=HR]
2020-02-12 13:48:32,900 INFO com.borntocode.dao.interfaces.EmployeeRoleDAOInterface [http-nio-8080-exec-5] EmployeeRole [roleId=2, designation=HR]
2020-02-12 13:48:33,223 INFO com.borntocode.controller.AddressController [http-nio-8080-exec-6] getAllAddresss
2020-02-12 13:48:33,223 INFO com.borntocode.dao.interfaces.AddressDAOInterface [http-nio-8080-exec-6] DAO :: getAllAddresss
2020-02-12 13:48:33,224 INFO com.borntocode.dao.interfaces.AddressDAOInterface [http-nio-8080-exec-6] Address [addressId=3, addressLineOne=Jerbai Wadia Road, addressLineTwo=Opposite Indian Cancer Society, city=Mumbai, state=Maharashtra, country=India]
2020-02-12 13:48:33,712 INFO com.borntocode.controller.EmployeeRoleController [http-nio-8080-exec-7] getAllEmployeeRoles
2020-02-12 13:48:33,712 INFO com.borntocode.dao.interfaces.EmployeeRoleDAOInterface [http-nio-8080-exec-7] DAO :: getAllEmployeeRoles
2020-02-12 13:48:33,713 INFO com.borntocode.pojo.EmployeeRole [http-nio-8080-exec-7] Default Construcotr Called !!
2020-02-12 13:48:33,713 INFO com.borntocode.dao.interfaces.EmployeeRoleDAOInterface [http-nio-8080-exec-7] EmployeeRole [roleId=2, designation=HR]
2020-02-12 13:48:35,128 INFO com.borntocode.controller.ProjectDetailsController [http-nio-8080-exec-8] getAllProjectDetailss
2020-02-12 13:48:35,129 INFO com.borntocode.dao.interfaces.EmployeeRoleDAOInterface [http-nio-8080-exec-8] DAO :: getAllProjectDetails
2020-02-12 13:48:35,130 INFO com.borntocode.dao.interfaces.EmployeeRoleDAOInterface [http-nio-8080-exec-8] ProjectDetails [projectId=7, name=Google Pay UPI, totalBudget=100000.0]
2020-02-12 13:48:39,638 INFO com.borntocode.controller.EmployeeRoleController [http-nio-8080-exec-9] getAllEmployeeRoles
2020-02-12 13:48:39,638 INFO com.borntocode.dao.interfaces.EmployeeRoleDAOInterface [http-nio-8080-exec-9] DAO :: getAllEmployeeRoles
2020-02-12 13:48:39,639 INFO com.borntocode.pojo.EmployeeRole [http-nio-8080-exec-9] Default Construcotr Called !!
2020-02-12 13:48:39,639 INFO com.borntocode.dao.interfaces.EmployeeRoleDAOInterface [http-nio-8080-exec-9] EmployeeRole [roleId=2, designation=HR]
2020-02-12 13:48:40,228 INFO com.borntocode.controller.AddressController [http-nio-8080-exec-10] getAllAddresss
2020-02-12 13:48:40,228 INFO com.borntocode.dao.interfaces.AddressDAOInterface [http-nio-8080-exec-10] DAO :: getAllAddresss
2020-02-12 13:48:40,229 INFO com.borntocode.dao.interfaces.AddressDAOInterface [http-nio-8080-exec-10] Address [addressId=3, addressLineOne=Jerbai Wadia Road, addressLineTwo=Opposite Indian Cancer Society, city=Mumbai, state=Maharashtra, country=India]
2020-02-12 13:48:40,652 INFO com.borntocode.controller.EmployeeController [http-nio-8080-exec-2] getAllEmployees
2020-02-12 13:48:40,653 INFO com.borntocode.dao.interfaces.EmployeeRoleDAOInterface [http-nio-8080-exec-2] DAO :: getAllEmployees
2020-02-12 13:48:40,653 INFO com.borntocode.dao.interfaces.AddressDAOInterface [http-nio-8080-exec-2] DAO :: getAddressByRoleId
2020-02-12 13:48:40,654 INFO com.borntocode.dao.interfaces.AddressDAOInterface [http-nio-8080-exec-2] Values From DB
2020-02-12 13:48:40,654 INFO com.borntocode.dao.interfaces.AddressDAOInterface [http-nio-8080-exec-2] Address [addressId=3, addressLineOne=Jerbai Wadia Road, addressLineTwo=Opposite Indian Cancer Society, city=Mumbai, state=Maharashtra, country=India]
2020-02-12 13:48:40,654 INFO com.borntocode.dao.interfaces.EmployeeRoleDAOInterface [http-nio-8080-exec-2] Address [addressId=3, addressLineOne=Jerbai Wadia Road, addressLineTwo=Opposite Indian Cancer Society, city=Mumbai, state=Maharashtra, country=India]
2020-02-12 13:48:40,654 INFO com.borntocode.dao.interfaces.EmployeeRoleDAOInterface [http-nio-8080-exec-2] DAO :: getProjectDetailsById
2020-02-12 13:48:40,656 INFO com.borntocode.dao.interfaces.EmployeeRoleDAOInterface [http-nio-8080-exec-2] Values From DB
2020-02-12 13:48:40,656 INFO com.borntocode.dao.interfaces.EmployeeRoleDAOInterface [http-nio-8080-exec-2] ProjectDetails [projectId=7, name=Google Pay UPI, totalBudget=100000.0]
2020-02-12 13:48:40,656 INFO com.borntocode.dao.interfaces.EmployeeRoleDAOInterface [http-nio-8080-exec-2] ProjectDetails [projectId=7, name=Google Pay UPI, totalBudget=100000.0]
2020-02-12 13:48:40,656 INFO com.borntocode.dao.interfaces.EmployeeRoleDAOInterface [http-nio-8080-exec-2] DAO :: getEmployeeRoleByRoleId
2020-02-12 13:48:40,658 INFO com.borntocode.pojo.EmployeeRole [http-nio-8080-exec-2] Default Construcotr Called !!
2020-02-12 13:48:40,658 INFO com.borntocode.dao.interfaces.EmployeeRoleDAOInterface [http-nio-8080-exec-2] Values From DB
2020-02-12 13:48:40,658 INFO com.borntocode.dao.interfaces.EmployeeRoleDAOInterface [http-nio-8080-exec-2] EmployeeRole [roleId=2, designation=HR]
2020-02-12 13:48:40,658 INFO com.borntocode.dao.interfaces.EmployeeRoleDAOInterface [http-nio-8080-exec-2] EmployeeRole [roleId=2, designation=HR]
2020-02-12 17:35:58,518 WARN com.zaxxer.hikari.pool.HikariPool [HikariPool-1 housekeeper] HikariPool-1 - Thread starvation or clock leap detected (housekeeper delta=2h35m11s977ms244µs200ns).
2020-02-12 17:36:20,891 INFO com.borntocode.controller.ProjectDetailsController [http-nio-8080-exec-3] getAllProjectDetailss
2020-02-12 17:36:20,893 INFO com.borntocode.dao.interfaces.EmployeeRoleDAOInterface [http-nio-8080-exec-3] DAO :: getAllProjectDetails
2020-02-12 17:36:20,899 INFO com.borntocode.dao.interfaces.EmployeeRoleDAOInterface [http-nio-8080-exec-3] ProjectDetails [projectId=7, name=Google Pay UPI, totalBudget=100000.0]
2020-02-12 17:36:22,446 INFO com.borntocode.controller.EmployeeRoleController [http-nio-8080-exec-4] getAllEmployeeRoles
2020-02-12 17:36:22,446 INFO com.borntocode.dao.interfaces.EmployeeRoleDAOInterface [http-nio-8080-exec-4] DAO :: getAllEmployeeRoles
2020-02-12 17:36:22,447 INFO com.borntocode.pojo.EmployeeRole [http-nio-8080-exec-4] Default Construcotr Called !!
2020-02-12 17:36:22,448 INFO com.borntocode.dao.interfaces.EmployeeRoleDAOInterface [http-nio-8080-exec-4] EmployeeRole [roleId=2, designation=HR]
2020-02-12 17:36:23,901 INFO com.borntocode.controller.AddressController [http-nio-8080-exec-5] getAllAddresss
2020-02-12 17:36:23,902 INFO com.borntocode.dao.interfaces.AddressDAOInterface [http-nio-8080-exec-5] DAO :: getAllAddresss
2020-02-12 17:36:23,904 INFO com.borntocode.dao.interfaces.AddressDAOInterface [http-nio-8080-exec-5] Address [addressId=3, addressLineOne=Jerbai Wadia Road, addressLineTwo=Opposite Indian Cancer Society, city=Mumbai, state=Maharashtra, country=India]
2020-02-12 17:36:24,449 INFO com.borntocode.controller.EmployeeController [http-nio-8080-exec-6] getAllEmployees
2020-02-12 17:36:24,449 INFO com.borntocode.dao.interfaces.EmployeeRoleDAOInterface [http-nio-8080-exec-6] DAO :: getAllEmployees
2020-02-12 17:36:24,450 INFO com.borntocode.dao.interfaces.AddressDAOInterface [http-nio-8080-exec-6] DAO :: getAddressByRoleId
2020-02-12 17:36:24,452 INFO com.borntocode.dao.interfaces.AddressDAOInterface [http-nio-8080-exec-6] Values From DB
2020-02-12 17:36:24,452 INFO com.borntocode.dao.interfaces.AddressDAOInterface [http-nio-8080-exec-6] Address [addressId=3, addressLineOne=Jerbai Wadia Road, addressLineTwo=Opposite Indian Cancer Society, city=Mumbai, state=Maharashtra, country=India]
2020-02-12 17:36:24,452 INFO com.borntocode.dao.interfaces.EmployeeRoleDAOInterface [http-nio-8080-exec-6] Address [addressId=3, addressLineOne=Jerbai Wadia Road, addressLineTwo=Opposite Indian Cancer Society, city=Mumbai, state=Maharashtra, country=India]
2020-02-12 17:36:24,452 INFO com.borntocode.dao.interfaces.EmployeeRoleDAOInterface [http-nio-8080-exec-6] DAO :: getProjectDetailsById
2020-02-12 17:36:24,453 INFO com.borntocode.dao.interfaces.EmployeeRoleDAOInterface [http-nio-8080-exec-6] Values From DB
2020-02-12 17:36:24,453 INFO com.borntocode.dao.interfaces.EmployeeRoleDAOInterface [http-nio-8080-exec-6] ProjectDetails [projectId=7, name=Google Pay UPI, totalBudget=100000.0]
2020-02-12 17:36:24,453 INFO com.borntocode.dao.interfaces.EmployeeRoleDAOInterface [http-nio-8080-exec-6] ProjectDetails [projectId=7, name=Google Pay UPI, totalBudget=100000.0]
2020-02-12 17:36:24,453 INFO com.borntocode.dao.interfaces.EmployeeRoleDAOInterface [http-nio-8080-exec-6] DAO :: getEmployeeRoleByRoleId
2020-02-12 17:36:24,454 INFO com.borntocode.pojo.EmployeeRole [http-nio-8080-exec-6] Default Construcotr Called !!
2020-02-12 17:36:24,454 INFO com.borntocode.dao.interfaces.EmployeeRoleDAOInterface [http-nio-8080-exec-6] Values From DB
2020-02-12 17:36:24,454 INFO com.borntocode.dao.interfaces.EmployeeRoleDAOInterface [http-nio-8080-exec-6] EmployeeRole [roleId=2, designation=HR]
2020-02-12 17:36:24,454 INFO com.borntocode.dao.interfaces.EmployeeRoleDAOInterface [http-nio-8080-exec-6] EmployeeRole [roleId=2, designation=HR]
2020-02-12 17:48:31,097 INFO com.borntocode.controller.AddressController [http-nio-8080-exec-8] getAllAddresss
2020-02-12 17:48:31,098 INFO com.borntocode.dao.interfaces.AddressDAOInterface [http-nio-8080-exec-8] DAO :: getAllAddresss
2020-02-12 17:48:31,100 INFO com.borntocode.dao.interfaces.AddressDAOInterface [http-nio-8080-exec-8] Address [addressId=3, addressLineOne=Jerbai Wadia Road, addressLineTwo=Opposite Indian Cancer Society, city=Mumbai, state=Maharashtra, country=India]
2020-02-12 17:48:31,819 INFO com.borntocode.controller.EmployeeRoleController [http-nio-8080-exec-9] getAllEmployeeRoles
2020-02-12 17:48:31,820 INFO com.borntocode.dao.interfaces.EmployeeRoleDAOInterface [http-nio-8080-exec-9] DAO :: getAllEmployeeRoles
2020-02-12 17:48:31,820 INFO com.borntocode.pojo.EmployeeRole [http-nio-8080-exec-9] Default Construcotr Called !!
2020-02-12 17:48:31,820 INFO com.borntocode.dao.interfaces.EmployeeRoleDAOInterface [http-nio-8080-exec-9] EmployeeRole [roleId=2, designation=HR]
2020-02-12 17:48:32,719 INFO com.borntocode.controller.ProjectDetailsController [http-nio-8080-exec-10] getAllProjectDetailss
2020-02-12 17:48:32,719 INFO com.borntocode.dao.interfaces.EmployeeRoleDAOInterface [http-nio-8080-exec-10] DAO :: getAllProjectDetails
2020-02-12 17:48:32,721 INFO com.borntocode.dao.interfaces.EmployeeRoleDAOInterface [http-nio-8080-exec-10] ProjectDetails [projectId=7, name=Google Pay UPI, totalBudget=100000.0]
2020-02-12 17:48:33,716 INFO com.borntocode.controller.EmployeeRoleController [http-nio-8080-exec-2] getAllEmployeeRoles
2020-02-12 17:48:33,716 INFO com.borntocode.dao.interfaces.EmployeeRoleDAOInterface [http-nio-8080-exec-2] DAO :: getAllEmployeeRoles
2020-02-12 17:48:33,717 INFO com.borntocode.pojo.EmployeeRole [http-nio-8080-exec-2] Default Construcotr Called !!
2020-02-12 17:48:33,717 INFO com.borntocode.dao.interfaces.EmployeeRoleDAOInterface [http-nio-8080-exec-2] EmployeeRole [roleId=2, designation=HR]
2020-02-12 17:48:34,820 INFO com.borntocode.controller.AddressController [http-nio-8080-exec-1] getAllAddresss
2020-02-12 17:48:34,821 INFO com.borntocode.dao.interfaces.AddressDAOInterface [http-nio-8080-exec-1] DAO :: getAllAddresss
2020-02-12 17:48:34,822 INFO com.borntocode.dao.interfaces.AddressDAOInterface [http-nio-8080-exec-1] Address [addressId=3, addressLineOne=Jerbai Wadia Road, addressLineTwo=Opposite Indian Cancer Society, city=Mumbai, state=Maharashtra, country=India]
2020-02-12 17:48:36,756 INFO com.borntocode.controller.AddressController [http-nio-8080-exec-3] getAddressById
2020-02-12 17:48:36,756 INFO com.borntocode.dao.interfaces.AddressDAOInterface [http-nio-8080-exec-3] DAO :: getAddressByRoleId
2020-02-12 17:48:36,757 INFO com.borntocode.dao.interfaces.AddressDAOInterface [http-nio-8080-exec-3] Values From DB
2020-02-12 17:48:36,757 INFO com.borntocode.dao.interfaces.AddressDAOInterface [http-nio-8080-exec-3] Address [addressId=3, addressLineOne=Jerbai Wadia Road, addressLineTwo=Opposite Indian Cancer Society, city=Mumbai, state=Maharashtra, country=India]
2020-02-12 17:48:43,229 INFO com.borntocode.controller.EmployeeRoleController [http-nio-8080-exec-4] getAllEmployeeRoles
2020-02-12 17:48:43,230 INFO com.borntocode.dao.interfaces.EmployeeRoleDAOInterface [http-nio-8080-exec-4] DAO :: getAllEmployeeRoles
2020-02-12 17:48:43,230 INFO com.borntocode.pojo.EmployeeRole [http-nio-8080-exec-4] Default Construcotr Called !!
2020-02-12 17:48:43,231 INFO com.borntocode.dao.interfaces.EmployeeRoleDAOInterface [http-nio-8080-exec-4] EmployeeRole [roleId=2, designation=HR]
2020-02-12 23:38:29,777 INFO com.borntocode.main.ApplicationMain [main] Starting ApplicationMain on DESKTOP-B38U4H2 with PID 17328 (started by BornToCode in C:\Code\Project\Spring Boot\Employee Recruitment\RecruitmentApplication)
2020-02-12 23:38:29,782 INFO com.borntocode.main.ApplicationMain [main] No active profile set, falling back to default profiles: default
2020-02-12 23:38:32,235 INFO org.apache.catalina.core.StandardService [main] Starting service [Tomcat]
2020-02-12 23:38:32,236 INFO org.apache.catalina.core.StandardEngine [main] Starting Servlet engine: [Apache Tomcat/9.0.30]
2020-02-12 23:38:32,398 INFO org.apache.catalina.core.ContainerBase.[Tomcat].[localhost].[/] [main] Initializing Spring embedded WebApplicationContext
2020-02-12 23:38:32,488 INFO com.borntocode.dao.interfaces.AddressDAOInterface [main] Object Created !!
2020-02-12 23:38:32,651 INFO com.borntocode.dao.interfaces.EmployeeRoleDAOInterface [main] Object Created !!
2020-02-12 23:38:32,695 INFO com.borntocode.service.EmployeeRoleService [main] Object Creaated !!
2020-02-12 23:38:32,709 INFO com.borntocode.pojo.EmployeeRole [main] Default Construcotr Called !!
2020-02-12 23:38:33,880 INFO com.borntocode.main.ApplicationMain [main] Started ApplicationMain in 4.904 seconds (JVM running for 5.596)
2020-02-12 23:41:38,334 INFO org.apache.catalina.core.ContainerBase.[Tomcat].[localhost].[/] [http-nio-8080-exec-1] Initializing Spring DispatcherServlet 'dispatcherServlet'
2020-02-12 23:41:38,455 INFO com.borntocode.controller.ProjectDetailsController [http-nio-8080-exec-1] getAllProjectDetailss
2020-02-12 23:41:38,471 INFO com.borntocode.dao.interfaces.EmployeeRoleDAOInterface [http-nio-8080-exec-1] DAO :: getAllProjectDetails
2020-02-12 23:41:38,485 INFO com.zaxxer.hikari.HikariDataSource [http-nio-8080-exec-1] HikariPool-1 - Starting...
2020-02-12 23:41:38,869 INFO com.zaxxer.hikari.HikariDataSource [http-nio-8080-exec-1] HikariPool-1 - Start completed.
2020-02-12 23:41:38,920 INFO com.borntocode.dao.interfaces.EmployeeRoleDAOInterface [http-nio-8080-exec-1] ProjectDetails [projectId=7, name=Google Pay UPI, totalBudget=100000.0]
2020-02-12 23:41:41,059 INFO com.borntocode.controller.EmployeeRoleController [http-nio-8080-exec-2] getAllEmployeeRoles
2020-02-12 23:41:41,081 INFO com.borntocode.dao.interfaces.EmployeeRoleDAOInterface [http-nio-8080-exec-2] DAO :: getAllEmployeeRoles
2020-02-12 23:41:41,091 INFO com.borntocode.pojo.EmployeeRole [http-nio-8080-exec-2] Default Construcotr Called !!
2020-02-12 23:41:41,092 INFO com.borntocode.dao.interfaces.EmployeeRoleDAOInterface [http-nio-8080-exec-2] EmployeeRole [roleId=2, designation=HR]
2020-02-12 23:41:42,230 INFO com.borntocode.controller.AddressController [http-nio-8080-exec-3] getAllAddresss
2020-02-12 23:41:42,247 INFO com.borntocode.dao.interfaces.AddressDAOInterface [http-nio-8080-exec-3] DAO :: getAllAddresss
2020-02-12 23:41:42,253 INFO com.borntocode.dao.interfaces.AddressDAOInterface [http-nio-8080-exec-3] Address [addressId=3, addressLineOne=Jerbai Wadia Road, addressLineTwo=Opposite Indian Cancer Society, city=Mumbai, state=Maharashtra, country=India]
2020-02-12 23:41:43,294 INFO com.borntocode.controller.EmployeeController [http-nio-8080-exec-4] getAllEmployees
2020-02-12 23:41:43,305 INFO com.borntocode.dao.interfaces.EmployeeRoleDAOInterface [http-nio-8080-exec-4] DAO :: getAllEmployees
2020-02-12 23:41:43,312 INFO com.borntocode.dao.interfaces.AddressDAOInterface [http-nio-8080-exec-4] DAO :: getAddressByRoleId
2020-02-12 23:41:43,356 INFO com.borntocode.dao.interfaces.AddressDAOInterface [http-nio-8080-exec-4] Values From DB
2020-02-12 23:41:43,356 INFO com.borntocode.dao.interfaces.AddressDAOInterface [http-nio-8080-exec-4] Address [addressId=3, addressLineOne=Jerbai Wadia Road, addressLineTwo=Opposite Indian Cancer Society, city=Mumbai, state=Maharashtra, country=India]
2020-02-12 23:41:43,357 INFO com.borntocode.dao.interfaces.EmployeeRoleDAOInterface [http-nio-8080-exec-4] Address [addressId=3, addressLineOne=Jerbai Wadia Road, addressLineTwo=Opposite Indian Cancer Society, city=Mumbai, state=Maharashtra, country=India]
2020-02-12 23:41:43,358 INFO com.borntocode.dao.interfaces.EmployeeRoleDAOInterface [http-nio-8080-exec-4] DAO :: getProjectDetailsById
2020-02-12 23:41:43,362 INFO com.borntocode.dao.interfaces.EmployeeRoleDAOInterface [http-nio-8080-exec-4] Values From DB
2020-02-12 23:41:43,362 INFO com.borntocode.dao.interfaces.EmployeeRoleDAOInterface [http-nio-8080-exec-4] ProjectDetails [projectId=7, name=Google Pay UPI, totalBudget=100000.0]
2020-02-12 23:41:43,363 INFO com.borntocode.dao.interfaces.EmployeeRoleDAOInterface [http-nio-8080-exec-4] ProjectDetails [projectId=7, name=Google Pay UPI, totalBudget=100000.0]
2020-02-12 23:41:43,363 INFO com.borntocode.dao.interfaces.EmployeeRoleDAOInterface [http-nio-8080-exec-4] DAO :: getEmployeeRoleByRoleId
2020-02-12 23:41:43,366 INFO com.borntocode.pojo.EmployeeRole [http-nio-8080-exec-4] Default Construcotr Called !!
2020-02-12 23:41:43,367 INFO com.borntocode.dao.interfaces.EmployeeRoleDAOInterface [http-nio-8080-exec-4] Values From DB
2020-02-12 23:41:43,367 INFO com.borntocode.dao.interfaces.EmployeeRoleDAOInterface [http-nio-8080-exec-4] EmployeeRole [roleId=2, designation=HR]
2020-02-12 23:41:43,368 INFO com.borntocode.dao.interfaces.EmployeeRoleDAOInterface [http-nio-8080-exec-4] EmployeeRole [roleId=2, designation=HR]
